# JRE version: OpenJDK Runtime Environment Corretto-11.0.20.8.1 (11.0.20+8) (build 11.0.20+8-LTS)
# Java VM: OpenJDK 64-Bit Server VM Corretto-11.0.20.8.1 (11.0.20+8-LTS, mixed mode, tiered, compressed oops, g1 gc, windows-amd64)
Heap:
 garbage-first heap   total 73728K, used 24576K [0x00000000e0000000, 0x0000000100000000)
  region size 1024K, 7 young (7168K), 2 survivors (2048K)
 Metaspace       used 32937K, capacity 34229K, committed 34480K, reserved 1079296K
  class space    used 3761K, capacity 4284K, committed 4352K, reserved 1048576K
GC Heap History (18 events):
Event: 1.388 GC heap before
{Heap before GC invocations=0 (full 0):
 garbage-first heap   total 61440K, used 6144K [0x00000000e0000000, 0x0000000100000000)
  region size 1024K, 7 young (7168K), 0 survivors (0K)
 Metaspace       used 8203K, capacity 8376K, committed 8576K, reserved 1056768K
  class space    used 780K, capacity 854K, committed 896K, reserved 1048576K
}
Event: 1.405 GC heap after
{Heap after GC invocations=1 (full 0):
 garbage-first heap   total 61440K, used 3307K [0x00000000e0000000, 0x0000000100000000)
  region size 1024K, 1 young (1024K), 1 survivors (1024K)
 Metaspace       used 8203K, capacity 8376K, committed 8576K, reserved 1056768K
  class space    used 780K, capacity 854K, committed 896K, reserved 1048576K
}
Event: 2.011 GC heap before
{Heap before GC invocations=1 (full 0):
 garbage-first heap   total 61440K, used 6379K [0x00000000e0000000, 0x0000000100000000)
  region size 1024K, 4 young (4096K), 1 survivors (1024K)
 Metaspace       used 10273K, capacity 10534K, committed 10624K, reserved 1058816K
  class space    used 1007K, capacity 1098K, committed 1152K, reserved 1048576K
}
Event: 2.022 GC heap after
{Heap after GC invocations=2 (full 0):
 garbage-first heap   total 61440K, used 4373K [0x00000000e0000000, 0x0000000100000000)
  region size 1024K, 1 young (1024K), 1 survivors (1024K)
 Metaspace       used 10273K, capacity 10534K, committed 10624K, reserved 1058816K
  class space    used 1007K, capacity 1098K, committed 1152K, reserved 1048576K
}
Event: 3.597 GC heap before
{Heap before GC invocations=2 (full 0):
 garbage-first heap   total 61440K, used 14613K [0x00000000e0000000, 0x0000000100000000)
  region size 1024K, 11 young (11264K), 1 survivors (1024K)
 Metaspace       used 14044K, capacity 14424K, committed 14464K, reserved 1062912K
  class space    used 1495K, capacity 1638K, committed 1664K, reserved 1048576K
}
Event: 3.604 GC heap after
{Heap after GC invocations=3 (full 0):
 garbage-first heap   total 61440K, used 5103K [0x00000000e0000000, 0x0000000100000000)
  region size 1024K, 2 young (2048K), 2 survivors (2048K)
 Metaspace       used 14044K, capacity 14424K, committed 14464K, reserved 1062912K
  class space    used 1495K, capacity 1638K, committed 1664K, reserved 1048576K
}
Event: 5.333 GC heap before
{Heap before GC invocations=3 (full 0):
 garbage-first heap   total 61440K, used 19439K [0x00000000e0000000, 0x0000000100000000)
  region size 1024K, 17 young (17408K), 2 survivors (2048K)
 Metaspace       used 17790K, capacity 18491K, committed 18560K, reserved 1064960K
  class space    used 1906K, capacity 2125K, committed 2176K, reserved 1048576K
}
Event: 5.344 GC heap after
{Heap after GC invocations=4 (full 0):
 garbage-first heap   total 61440K, used 6805K [0x00000000e0000000, 0x0000000100000000)
  region size 1024K, 3 young (3072K), 3 survivors (3072K)
 Metaspace       used 17790K, capacity 18491K, committed 18560K, reserved 1064960K
  class space    used 1906K, capacity 2125K, committed 2176K, reserved 1048576K
}
Event: 5.885 GC heap before
{Heap before GC invocations=4 (full 0):
 garbage-first heap   total 61440K, used 19093K [0x00000000e0000000, 0x0000000100000000)
  region size 1024K, 13 young (13312K), 3 survivors (3072K)
 Metaspace       used 20503K, capacity 21201K, committed 21296K, reserved 1069056K
  class space    used 2164K, capacity 2412K, committed 2432K, reserved 1048576K
}
Event: 5.900 GC heap after
{Heap after GC invocations=5 (full 0):
 garbage-first heap   total 61440K, used 9970K [0x00000000e0000000, 0x0000000100000000)
  region size 1024K, 2 young (2048K), 2 survivors (2048K)
 Metaspace       used 20503K, capacity 21201K, committed 21296K, reserved 1069056K
  class space    used 2164K, capacity 2412K, committed 2432K, reserved 1048576K
}
Event: 7.156 GC heap before
{Heap before GC invocations=6 (full 0):
 garbage-first heap   total 61440K, used 30450K [0x00000000e0000000, 0x0000000100000000)
  region size 1024K, 22 young (22528K), 2 survivors (2048K)
 Metaspace       used 23027K, capacity 23982K, committed 24112K, reserved 1071104K
  class space    used 2484K, capacity 2875K, committed 2944K, reserved 1048576K
}
Event: 7.175 GC heap after
{Heap after GC invocations=7 (full 0):
 garbage-first heap   total 61440K, used 11811K [0x00000000e0000000, 0x0000000100000000)
  region size 1024K, 3 young (3072K), 3 survivors (3072K)
 Metaspace       used 23027K, capacity 23982K, committed 24112K, reserved 1071104K
  class space    used 2484K, capacity 2875K, committed 2944K, reserved 1048576K
}
Event: 7.981 GC heap before
{Heap before GC invocations=7 (full 0):
 garbage-first heap   total 61440K, used 39459K [0x00000000e0000000, 0x0000000100000000)
  region size 1024K, 30 young (30720K), 3 survivors (3072K)
 Metaspace       used 24913K, capacity 25996K, committed 26160K, reserved 1073152K
  class space    used 2665K, capacity 3100K, committed 3200K, reserved 1048576K
}
Event: 8.002 GC heap after
{Heap after GC invocations=8 (full 0):
 garbage-first heap   total 61440K, used 15036K [0x00000000e0000000, 0x0000000100000000)
  region size 1024K, 3 young (3072K), 3 survivors (3072K)
 Metaspace       used 24913K, capacity 25996K, committed 26160K, reserved 1073152K
  class space    used 2665K, capacity 3100K, committed 3200K, reserved 1048576K
}
Event: 10.627 GC heap before
{Heap before GC invocations=8 (full 0):
 garbage-first heap   total 61440K, used 41660K [0x00000000e0000000, 0x0000000100000000)
  region size 1024K, 29 young (29696K), 3 survivors (3072K)
 Metaspace       used 28254K, capacity 29539K, committed 29744K, reserved 1075200K
  class space    used 3123K, capacity 3673K, committed 3712K, reserved 1048576K
}
Event: 10.651 GC heap after
{Heap after GC invocations=9 (full 0):
 garbage-first heap   total 61440K, used 18238K [0x00000000e0000000, 0x0000000100000000)
  region size 1024K, 4 young (4096K), 4 survivors (4096K)
 Metaspace       used 28254K, capacity 29539K, committed 29744K, reserved 1075200K
  class space    used 3123K, capacity 3673K, committed 3712K, reserved 1048576K
}
Event: 14.722 GC heap before
{Heap before GC invocations=9 (full 0):
 garbage-first heap   total 61440K, used 42814K [0x00000000e0000000, 0x0000000100000000)
  region size 1024K, 28 young (28672K), 4 survivors (4096K)
 Metaspace       used 32201K, capacity 33493K, committed 33584K, reserved 1079296K
  class space    used 3668K, capacity 4188K, committed 4224K, reserved 1048576K
}
Event: 14.740 GC heap after
{Heap after GC invocations=10 (full 0):
 garbage-first heap   total 73728K, used 20480K [0x00000000e0000000, 0x0000000100000000)
  region size 1024K, 2 young (2048K), 2 survivors (2048K)
 Metaspace       used 32201K, capacity 33493K, committed 33584K, reserved 1079296K
  class space    used 3668K, capacity 4188K, committed 4224K, reserved 1048576K
}

