# JRE version: OpenJDK Runtime Environment Corretto-11.0.20.8.1 (11.0.20+8) (build 11.0.20+8-LTS)
# Java VM: OpenJDK 64-Bit Server VM Corretto-11.0.20.8.1 (11.0.20+8-LTS, mixed mode, tiered, compressed oops, g1 gc, windows-amd64)
Heap:
 garbage-first heap   total 61440K, used 25307K [0x00000000e0000000, 0x0000000100000000)
  region size 1024K, 6 young (6144K), 1 survivors (1024K)
 Metaspace       used 34507K, capacity 35828K, committed 35920K, reserved 1081344K
  class space    used 3986K, capacity 4582K, committed 4608K, reserved 1048576K
GC Heap History (20 events):
Event: 0.911 GC heap before
{Heap before GC invocations=0 (full 0):
 garbage-first heap   total 61440K, used 6144K [0x00000000e0000000, 0x0000000100000000)
  region size 1024K, 7 young (7168K), 0 survivors (0K)
 Metaspace       used 8205K, capacity 8376K, committed 8576K, reserved 1056768K
  class space    used 780K, capacity 854K, committed 896K, reserved 1048576K
}
Event: 0.918 GC heap after
{Heap after GC invocations=1 (full 0):
 garbage-first heap   total 61440K, used 3213K [0x00000000e0000000, 0x0000000100000000)
  region size 1024K, 1 young (1024K), 1 survivors (1024K)
 Metaspace       used 8205K, capacity 8376K, committed 8576K, reserved 1056768K
  class space    used 780K, capacity 854K, committed 896K, reserved 1048576K
}
Event: 1.233 GC heap before
{Heap before GC invocations=1 (full 0):
 garbage-first heap   total 61440K, used 6285K [0x00000000e0000000, 0x0000000100000000)
  region size 1024K, 4 young (4096K), 1 survivors (1024K)
 Metaspace       used 10247K, capacity 10470K, committed 10624K, reserved 1058816K
  class space    used 1008K, capacity 1098K, committed 1152K, reserved 1048576K
}
Event: 1.241 GC heap after
{Heap after GC invocations=2 (full 0):
 garbage-first heap   total 61440K, used 4420K [0x00000000e0000000, 0x0000000100000000)
  region size 1024K, 1 young (1024K), 1 survivors (1024K)
 Metaspace       used 10247K, capacity 10470K, committed 10624K, reserved 1058816K
  class space    used 1008K, capacity 1098K, committed 1152K, reserved 1048576K
}
Event: 3.869 GC heap before
{Heap before GC invocations=2 (full 0):
 garbage-first heap   total 61440K, used 13636K [0x00000000e0000000, 0x0000000100000000)
  region size 1024K, 10 young (10240K), 1 survivors (1024K)
 Metaspace       used 13828K, capacity 14262K, committed 14464K, reserved 1062912K
  class space    used 1459K, capacity 1602K, committed 1664K, reserved 1048576K
}
Event: 3.877 GC heap after
{Heap after GC invocations=3 (full 0):
 garbage-first heap   total 61440K, used 5076K [0x00000000e0000000, 0x0000000100000000)
  region size 1024K, 2 young (2048K), 2 survivors (2048K)
 Metaspace       used 13828K, capacity 14262K, committed 14464K, reserved 1062912K
  class space    used 1459K, capacity 1602K, committed 1664K, reserved 1048576K
}
Event: 6.026 GC heap before
{Heap before GC invocations=3 (full 0):
 garbage-first heap   total 61440K, used 17364K [0x00000000e0000000, 0x0000000100000000)
  region size 1024K, 15 young (15360K), 2 survivors (2048K)
 Metaspace       used 17200K, capacity 17793K, committed 18048K, reserved 1064960K
  class space    used 1853K, capacity 2065K, committed 2176K, reserved 1048576K
}
Event: 6.036 GC heap after
{Heap after GC invocations=4 (full 0):
 garbage-first heap   total 61440K, used 6204K [0x00000000e0000000, 0x0000000100000000)
  region size 1024K, 2 young (2048K), 2 survivors (2048K)
 Metaspace       used 17200K, capacity 17793K, committed 18048K, reserved 1064960K
  class space    used 1853K, capacity 2065K, committed 2176K, reserved 1048576K
}
Event: 7.042 GC heap before
{Heap before GC invocations=4 (full 0):
 garbage-first heap   total 61440K, used 20540K [0x00000000e0000000, 0x0000000100000000)
  region size 1024K, 15 young (15360K), 2 survivors (2048K)
 Metaspace       used 20485K, capacity 21201K, committed 21296K, reserved 1069056K
  class space    used 2164K, capacity 2412K, committed 2432K, reserved 1048576K
}
Event: 7.055 GC heap after
{Heap after GC invocations=5 (full 0):
 garbage-first heap   total 61440K, used 10091K [0x00000000e0000000, 0x0000000100000000)
  region size 1024K, 3 young (3072K), 3 survivors (3072K)
 Metaspace       used 20485K, capacity 21201K, committed 21296K, reserved 1069056K
  class space    used 2164K, capacity 2412K, committed 2432K, reserved 1048576K
}
Event: 8.336 GC heap before
{Heap before GC invocations=6 (full 0):
 garbage-first heap   total 61440K, used 28523K [0x00000000e0000000, 0x0000000100000000)
  region size 1024K, 22 young (22528K), 3 survivors (3072K)
 Metaspace       used 22857K, capacity 23810K, committed 24112K, reserved 1071104K
  class space    used 2475K, capacity 2840K, committed 2944K, reserved 1048576K
}
Event: 8.370 GC heap after
{Heap after GC invocations=7 (full 0):
 garbage-first heap   total 61440K, used 11719K [0x00000000e0000000, 0x0000000100000000)
  region size 1024K, 3 young (3072K), 3 survivors (3072K)
 Metaspace       used 22857K, capacity 23810K, committed 24112K, reserved 1071104K
  class space    used 2475K, capacity 2840K, committed 2944K, reserved 1048576K
}
Event: 9.341 GC heap before
{Heap before GC invocations=7 (full 0):
 garbage-first heap   total 61440K, used 33223K [0x00000000e0000000, 0x0000000100000000)
  region size 1024K, 24 young (24576K), 3 survivors (3072K)
 Metaspace       used 24908K, capacity 25996K, committed 26160K, reserved 1073152K
  class space    used 2666K, capacity 3100K, committed 3200K, reserved 1048576K
}
Event: 9.360 GC heap after
{Heap after GC invocations=8 (full 0):
 garbage-first heap   total 61440K, used 14320K [0x00000000e0000000, 0x0000000100000000)
  region size 1024K, 3 young (3072K), 3 survivors (3072K)
 Metaspace       used 24908K, capacity 25996K, committed 26160K, reserved 1073152K
  class space    used 2666K, capacity 3100K, committed 3200K, reserved 1048576K
}
Event: 10.192 GC heap before
{Heap before GC invocations=8 (full 0):
 garbage-first heap   total 61440K, used 35824K [0x00000000e0000000, 0x0000000100000000)
  region size 1024K, 24 young (24576K), 3 survivors (3072K)
 Metaspace       used 26747K, capacity 27924K, committed 28208K, reserved 1075200K
  class space    used 2940K, capacity 3385K, committed 3456K, reserved 1048576K
}
Event: 10.206 GC heap after
{Heap after GC invocations=9 (full 0):
 garbage-first heap   total 61440K, used 16475K [0x00000000e0000000, 0x0000000100000000)
  region size 1024K, 3 young (3072K), 3 survivors (3072K)
 Metaspace       used 26747K, capacity 27924K, committed 28208K, reserved 1075200K
  class space    used 2940K, capacity 3385K, committed 3456K, reserved 1048576K
}
Event: 11.701 GC heap before
{Heap before GC invocations=9 (full 0):
 garbage-first heap   total 61440K, used 39003K [0x00000000e0000000, 0x0000000100000000)
  region size 1024K, 25 young (25600K), 3 survivors (3072K)
 Metaspace       used 29880K, capacity 31157K, committed 31280K, reserved 1077248K
  class space    used 3357K, capacity 3900K, committed 3968K, reserved 1048576K
}
Event: 11.727 GC heap after
{Heap after GC invocations=10 (full 0):
 garbage-first heap   total 61440K, used 20128K [0x00000000e0000000, 0x0000000100000000)
  region size 1024K, 4 young (4096K), 4 survivors (4096K)
 Metaspace       used 29880K, capacity 31157K, committed 31280K, reserved 1077248K
  class space    used 3357K, capacity 3900K, committed 3968K, reserved 1048576K
}
Event: 12.947 GC heap before
{Heap before GC invocations=10 (full 0):
 garbage-first heap   total 61440K, used 40608K [0x00000000e0000000, 0x0000000100000000)
  region size 1024K, 25 young (25600K), 4 survivors (4096K)
 Metaspace       used 33645K, capacity 34940K, committed 35120K, reserved 1079296K
  class space    used 3856K, capacity 4414K, committed 4480K, reserved 1048576K
}
Event: 12.967 GC heap after
{Heap after GC invocations=11 (full 0):
 garbage-first heap   total 61440K, used 21211K [0x00000000e0000000, 0x0000000100000000)
  region size 1024K, 1 young (1024K), 1 survivors (1024K)
 Metaspace       used 33645K, capacity 34940K, committed 35120K, reserved 1079296K
  class space    used 3856K, capacity 4414K, committed 4480K, reserved 1048576K
}

